C51 COMPILER V9.51   CYFITTER_CFG                                                          04/07/2019 21:15:46 PAGE 1   


C51 COMPILER V9.51, COMPILATION OF MODULE CYFITTER_CFG
OBJECT MODULE PLACED IN .\DP8051\DP8051_Keil_951\Debug\cyfitter_cfg.obj
COMPILER INVOKED BY: C:\Program Files (x86)\Cypress\PSoC Creator\4.2\PSoC Creator\import\keil\pk51\9.51\C51\BIN\c51.exe 
                    -Generated_Source\PSoC3\cyfitter_cfg.c NOIV LARGE MODDP2 OMF2 VB(1) NOIP INCDIR(.,Generated_Source\PSoC3) FF(3) DB DF(DEB
                    -UG) WL(2) PR(.\DP8051\DP8051_Keil_951\Debug/cyfitter_cfg.lst) CD OT(2,SIZE) OJ(.\DP8051\DP8051_Keil_951\Debug\cyfitter_c
                    -fg.obj)

line level    source

   1          
   2          /*******************************************************************************
   3          * File Name: cyfitter_cfg.c
   4          * 
   5          * PSoC Creator  4.2
   6          *
   7          * Description:
   8          * This file contains device initialization code.
   9          * Except for the user defined sections in CyClockStartupError(), this file should not be modified.
  10          * This file is automatically generated by PSoC Creator.
  11          *
  12          ********************************************************************************
  13          * Copyright (c) 2007-2018 Cypress Semiconductor.  All rights reserved.
  14          * You may use this file only in accordance with the license, terms, conditions, 
  15          * disclaimers, and limitations in the end user license agreement accompanying 
  16          * the software package with which this file was provided.
  17          ********************************************************************************/
  18          
  19          #include <string.h>
  20          #include "cytypes.h"
  21          #include "cydevice_trm.h"
  22          #include "cyfitter.h"
  23          #include "CyLib.h"
  24          #include "cyfitter_cfg.h"
  25          #include "cyapicallbacks.h"
  26          
  27          #define CY_NEED_CYCLOCKSTARTUPERROR 1
  28          
  29          
  30          #if defined(__C51__) || defined(__CX51__)
  31                  #define CYPACKED
  32                  #define CYPACKED_ATTR
  33                  #define CYALIGNED
  34                  
  35              #define CY_CFG_UNUSED
  36                  #define CY_CFG_MEMORY_BARRIER() do { } while (0)
  37          
  38          
  39          
  40                  #define CYMEMZERO(a,c) cymemzero((a),(c))
  41                  #define CYCONFIGCPY(d,s,c) cyconfigcpy((c),(s),(d))
  42                  #define CYCONFIGCPYCODE(d,s,c) cyconfigcpycode((c),(s),(d))
  43          #else
                      #error Unsupported toolchain
              #endif
  46          
  47          
  48          
  49          
  50          /* Clock startup error codes                                                   */
  51          #define CYCLOCKSTART_NO_ERROR    0u
  52          #define CYCLOCKSTART_XTAL_ERROR  1u
C51 COMPILER V9.51   CYFITTER_CFG                                                          04/07/2019 21:15:46 PAGE 2   

  53          #define CYCLOCKSTART_32KHZ_ERROR 2u
  54          #define CYCLOCKSTART_PLL_ERROR   3u
  55          #define CYCLOCKSTART_FLL_ERROR   4u
  56          #define CYCLOCKSTART_WCO_ERROR   5u
  57          
  58          
  59          #ifdef CY_NEED_CYCLOCKSTARTUPERROR
  60          /*******************************************************************************
  61          * Function Name: CyClockStartupError
  62          ********************************************************************************
  63          * Summary:
  64          *  If an error is encountered during clock configuration (crystal startup error,
  65          *  PLL lock error, etc.), the system will end up here.  Unless reimplemented by
  66          *  the customer, this function will stop in an infinite loop.
  67          *
  68          * Parameters:
  69          *   void
  70          *
  71          * Return:
  72          *   void
  73          *
  74          *******************************************************************************/
  75          CY_CFG_UNUSED
  76          static void CyClockStartupError(uint8 errorCode);
  77          CY_CFG_UNUSED
  78          static void CyClockStartupError(uint8 errorCode)
  79          {
  80   1          /* To remove the compiler warning if errorCode not used.                */
  81   1          errorCode = errorCode;
  82   1      
  83   1          /* If we have a clock startup error (bad MHz crystal, PLL lock, etc.),  */
  84   1          /* we will end up here to allow the customer to implement something to  */
  85   1          /* deal with the clock condition.                                       */
  86   1      
  87   1      #ifdef CY_CFG_CLOCK_STARTUP_ERROR_CALLBACK
                  CY_CFG_Clock_Startup_ErrorCallback();
              #else
  90   1          /*  If not using CY_CFG_CLOCK_STARTUP_ERROR_CALLBACK, place your clock startup code here. */
  91   1          /* `#START CyClockStartupError` */
  92   1      
  93   1      
  94   1      
  95   1          /* `#END` */
  96   1      
  97   1          while(1) {}
  98   1      #endif /* CY_CFG_CLOCK_STARTUP_ERROR_CALLBACK */
  99   1      }
 100          #endif
 101          
 102          #define cfg_byte_table ((const void CYFAR *)0x080000u)
 103          /* IOPINS0_8 Address: CYREG_PRT15_DR Size (bytes): 10 */
 104          #define BS_IOPINS0_8_VAL ((const uint8 CYFAR *)0x00080098u)
 105          
 106          /* IOPINS0_1 Address: CYREG_PRT1_DM0 Size (bytes): 8 */
 107          #define BS_IOPINS0_1_VAL ((const uint8 CYFAR *)0x000800A4u)
 108          
 109          /* IOPINS0_3 Address: CYREG_PRT3_DM0 Size (bytes): 8 */
 110          #define BS_IOPINS0_3_VAL ((const uint8 CYFAR *)0x000800ACu)
 111          
 112          /* IOPINS0_6 Address: CYREG_PRT6_DR Size (bytes): 10 */
 113          #define BS_IOPINS0_6_VAL ((const uint8 CYFAR *)0x000800B4u)
 114          
C51 COMPILER V9.51   CYFITTER_CFG                                                          04/07/2019 21:15:46 PAGE 3   

 115          
 116          /*******************************************************************************
 117          * Function Name: ClockSetup
 118          ********************************************************************************
 119          *
 120          * Summary:
 121          *  Performs the initialization of all of the clocks in the device based on the
 122          *  settings in the Clock tab of the DWR.  This includes enabling the requested
 123          *  clocks and setting the necessary dividers to produce the desired frequency. 
 124          *
 125          * Parameters:
 126          *  void
 127          *
 128          * Return:
 129          *  void
 130          *
 131          *******************************************************************************/
 132          static void ClockSetup(void);
 133          static void ClockSetup(void)
 134          {
 135   1              uint32 timeout;
 136   1              uint8 pllLock;
 137   1      
 138   1      
 139   1              /* Configure Digital Clocks based on settings from Clock DWR */
 140   1              CY_SET_XTND_REG16((void CYFAR *)(CYREG_CLKDIST_DCFG0_CFG0), 0x2DF4u);
 141   1              CY_SET_REG8((void CYXDATA *)(CYREG_CLKDIST_DCFG0_CFG0 + 0x2u), 0x19u);
 142   1      
 143   1              /* Configure ILO based on settings from Clock DWR */
 144   1              CY_SET_REG8((void CYXDATA *)(CYREG_SLOWCLK_ILO_CR0), 0x02u);
 145   1              CY_SET_REG8((void CYXDATA *)(CYREG_CLKDIST_CR), 0x08u);
 146   1      
 147   1              /* Configure IMO based on settings from Clock DWR */
 148   1              CY_SET_REG8((void CYXDATA *)(CYREG_FASTCLK_IMO_CR), 0x03u);
 149   1              CY_SET_REG8((void CYXDATA *)(CYREG_IMO_TR1), (CY_GET_XTND_REG8((void CYFAR *)CYREG_FLSHID_CUST_TABLES_IMO
             -_3MHZ)));
 150   1      
 151   1              /* Configure PLL based on settings from Clock DWR */
 152   1              CY_SET_XTND_REG16((void CYFAR *)(CYREG_FASTCLK_PLL_P), 0x0008u);
 153   1              CY_SET_XTND_REG16((void CYFAR *)(CYREG_FASTCLK_PLL_CFG0), 0x1251u);
 154   1              /* Wait up to 250us for the PLL to lock */
 155   1              pllLock = 0u;
 156   1              for (timeout = 250u / 10u; (timeout > 0u) && (pllLock != 0x03u); timeout--)
 157   1              { 
 158   2                      pllLock = 0x03u & ((uint8)((uint8)pllLock << 1) | ((CY_GET_REG8((void CYXDATA *)CYREG_FASTCLK_PLL_SR) & 
             -0x01u) >> 0));
 159   2                      CyDelayCycles(10u * 48u); /* Delay 10us based on 48MHz clock */
 160   2              }
 161   1              /* If we ran out of time the PLL didn't lock so go to the error function */
 162   1              if (timeout == 0u)
 163   1              {
 164   2                      CyClockStartupError(CYCLOCKSTART_PLL_ERROR);
 165   2              }
 166   1      
 167   1              /* Configure Bus/Master Clock based on settings from Clock DWR */
 168   1              CY_SET_XTND_REG16((void CYFAR *)(CYREG_CLKDIST_MSTR0), 0x0100u);
 169   1              CY_SET_REG8((void CYXDATA *)(CYREG_CLKDIST_MSTR0), 0x07u);
 170   1              CY_SET_REG8((void CYXDATA *)(CYREG_CLKDIST_BCFG0), 0x00u);
 171   1              CY_SET_REG8((void CYXDATA *)(CYREG_CLKDIST_BCFG2), 0x48u);
 172   1              CY_SET_REG8((void CYXDATA *)(CYREG_CLKDIST_MSTR0), 0x00u);
 173   1              CY_SET_REG8((void CYXDATA *)(CYREG_CLKDIST_LD), 0x02u);
 174   1      
C51 COMPILER V9.51   CYFITTER_CFG                                                          04/07/2019 21:15:46 PAGE 4   

 175   1              CY_SET_REG8((void CYXDATA *)(CYREG_PM_ACT_CFG2), ((CY_GET_REG8((void CYXDATA *)CYREG_PM_ACT_CFG2) | 0x01u
             -)));
 176   1      }
 177          
 178          
 179          /* Analog API Functions */
 180          
 181          
 182          /*******************************************************************************
 183          * Function Name: AnalogSetDefault
 184          ********************************************************************************
 185          *
 186          * Summary:
 187          *  Sets up the analog portions of the chip to default values based on chip
 188          *  configuration options from the project.
 189          *
 190          * Parameters:
 191          *  void
 192          *
 193          * Return:
 194          *  void
 195          *
 196          *******************************************************************************/
 197          static void AnalogSetDefault(void);
 198          static void AnalogSetDefault(void)
 199          {
 200   1              uint8 bg_xover_inl_trim = CY_GET_XTND_REG8((void CYFAR *)(CYREG_FLSHID_MFG_CFG_BG_XOVER_INL_TRIM + 1u));
 201   1              CY_SET_REG8((void CYXDATA *)(CYREG_BG_DFT0), (bg_xover_inl_trim & 0x07u));
 202   1              CY_SET_REG8((void CYXDATA *)(CYREG_BG_DFT1), ((bg_xover_inl_trim >> 4) & 0x0Fu));
 203   1              CY_SET_REG8((void CYXDATA *)CYREG_PUMP_CR0, 0x44u);
 204   1      }
 205          
 206          
 207          /*******************************************************************************
 208          * Function Name: SetAnalogRoutingPumps
 209          ********************************************************************************
 210          *
 211          * Summary:
 212          * Enables or disables the analog pumps feeding analog routing switches.
 213          * Intended to be called at startup, based on the Vdda system configuration;
 214          * may be called during operation when the user informs us that the Vdda voltage
 215          * crossed the pump threshold.
 216          *
 217          * Parameters:
 218          *  enabled - 1 to enable the pumps, 0 to disable the pumps
 219          *
 220          * Return:
 221          *  void
 222          *
 223          *******************************************************************************/
 224          void SetAnalogRoutingPumps(uint8 enabled)
 225          {
 226   1              uint8 regValue = CY_GET_REG8((void CYXDATA *)CYREG_PUMP_CR0);
 227   1              if (enabled != 0u)
 228   1              {
 229   2                      regValue |= 0x00u;
 230   2              }
 231   1              else
 232   1              {
 233   2                      regValue &= (uint8)~0x00u;
 234   2              }
 235   1              CY_SET_REG8((void CYXDATA *)CYREG_PUMP_CR0, regValue);
C51 COMPILER V9.51   CYFITTER_CFG                                                          04/07/2019 21:15:46 PAGE 5   

 236   1      }
 237          
 238          
 239          
 240          
 241          /*******************************************************************************
 242          * Function Name: cyfitter_cfg
 243          ********************************************************************************
 244          * Summary:
 245          *  This function is called by the start-up code for the selected device. It
 246          *  performs all of the necessary device configuration based on the design
 247          *  settings.  This includes settings from the Design Wide Resources (DWR) such
 248          *  as Clocks and Pins as well as any component configuration that is necessary.
 249          *
 250          * Parameters:
 251          *   void
 252          *
 253          * Return:
 254          *   void
 255          *
 256          *******************************************************************************/
 257          
 258          void cyfitter_cfg(void)
 259          {
 260   1              /* Enable/Disable Debug functionality based on settings from System DWR */
 261   1              CY_SET_XTND_REG8((void CYFAR *)CYREG_MLOGIC_DEBUG, (CY_GET_XTND_REG8((void CYFAR *)CYREG_MLOGIC_DEBUG) | 
             -0x05u));
 262   1      
 263   1              {
 264   2      
 265   2                      CYPACKED typedef struct {
 266   2                              void CYFAR *address;
 267   2                              uint16 size;
 268   2                      } CYPACKED_ATTR cfg_memset_t;
 269   2      
 270   2                      static const cfg_memset_t CYCODE cfg_memset_list[] = {
 271   2                              /* address, size */
 272   2                              {(void CYFAR *)(CYREG_PRT0_DR), 16u},
 273   2                              {(void CYFAR *)(CYREG_PRT2_DR), 16u},
 274   2                              {(void CYFAR *)(CYREG_PRT4_DR), 32u},
 275   2                              {(void CYFAR *)(CYREG_PRT12_DR), 16u},
 276   2                              {(void CYFAR *)(CYDEV_UCFG_B0_P0_U0_BASE), 4096u},
 277   2                              {(void CYFAR *)(CYDEV_UCFG_B1_P2_U0_BASE), 2048u},
 278   2                              {(void CYFAR *)(CYDEV_UCFG_DSI0_BASE), 2560u},
 279   2                              {(void CYFAR *)(CYDEV_UCFG_DSI12_BASE), 512u},
 280   2                              {(void CYFAR *)(CYREG_BCTL0_MDCLK_EN), 32u},
 281   2                      };
 282   2      
 283   2                      uint8 CYDATA i;
 284   2      
 285   2                      /* Zero out critical memory blocks before beginning configuration */
 286   2                      for (i = 0u; i < (sizeof(cfg_memset_list)/sizeof(cfg_memset_list[0])); i++)
 287   2                      {
 288   3                              const cfg_memset_t CYCODE * CYDATA ms = &cfg_memset_list[i];
 289   3                              CYMEMZERO(ms->address, ms->size);
 290   3                      }
 291   2      
 292   2                      cfg_write_bytes(cfg_byte_table);
 293   2      
 294   2                      /* Enable digital routing */
 295   2                      CY_SET_XTND_REG8((void CYFAR *)CYREG_BCTL0_BANK_CTL, CY_GET_XTND_REG8((void CYFAR *)CYREG_BCTL0_BANK_CTL
             -) | 0x02u);
C51 COMPILER V9.51   CYFITTER_CFG                                                          04/07/2019 21:15:46 PAGE 6   

 296   2                      CY_SET_XTND_REG8((void CYFAR *)CYREG_BCTL1_BANK_CTL, CY_GET_XTND_REG8((void CYFAR *)CYREG_BCTL1_BANK_CTL
             -) | 0x02u);
 297   2      
 298   2                      /* Enable UDB array */
 299   2                      CY_SET_REG8((void CYXDATA *)CYREG_PM_ACT_CFG0, CY_GET_REG8((void CYXDATA *)CYREG_PM_ACT_CFG0) | 0x40u);
 300   2                      CY_SET_REG8((void CYXDATA *)CYREG_PM_AVAIL_CR2, CY_GET_REG8((void CYXDATA *)CYREG_PM_AVAIL_CR2) | 0x10u)
             -;
 301   2              }
 302   1      
 303   1      
 304   1              /* Perform second pass device configuration. These items must be configured in specific order after the r
             -egular configuration is done. */
 305   1              CYCONFIGCPY((void CYFAR *)(CYREG_PRT15_DR), (const void CYFAR *)(BS_IOPINS0_8_VAL), 10u);
 306   1              CYCONFIGCPY((void CYFAR *)(CYREG_PRT1_DM0), (const void CYFAR *)(BS_IOPINS0_1_VAL), 8u);
 307   1              CYCONFIGCPY((void CYFAR *)(CYREG_PRT3_DM0), (const void CYFAR *)(BS_IOPINS0_3_VAL), 8u);
 308   1              CYCONFIGCPY((void CYFAR *)(CYREG_PRT6_DR), (const void CYFAR *)(BS_IOPINS0_6_VAL), 10u);
 309   1              CY_SET_REG8((void CYXDATA *)(CYREG_INTC_CSR_EN), 0x01u);
 310   1              /* Switch Boost to the precision bandgap reference from its internal reference */
 311   1              CY_SET_REG8((void CYXDATA *)CYREG_BOOST_CR2, (CY_GET_REG8((void CYXDATA *)CYREG_BOOST_CR2) | 0x08u));
 312   1              if (CYDEV_CHIP_REV_ACTUAL < 5u)
 313   1              {
 314   2                      CY_SET_REG8((void CYXDATA *)CYREG_PWRSYS_WAKE_TR2, 0x3Au);
 315   2              }
 316   1      
 317   1      
 318   1              /* Set Flash Cycles based on max possible frequency in case a glitch occurs during ClockSetup(). */
 319   1              CY_SET_REG8((void CYXDATA *)(CYREG_CACHE_CR), (((CYDEV_INSTRUCT_CACHE_ENABLED) != 0) ? 0x31u : 0x00u));
 320   1              /* Setup clocks based on selections from Clock DWR */
 321   1              ClockSetup();
 322   1              /* Set Flash Cycles based on newly configured 24.00MHz Bus Clock. */
 323   1              CY_SET_REG8((void CYXDATA *)(CYREG_CACHE_CR), (((CYDEV_INSTRUCT_CACHE_ENABLED) != 0) ? 0xB1u : 0x80u));
 324   1      
 325   1              /* Perform basic analog initialization to defaults */
 326   1              AnalogSetDefault();
 327   1      
 328   1              /* Configure alternate active mode */
 329   1              CYCONFIGCPY((void CYFAR *)CYDEV_PM_STBY_BASE, (const void CYFAR *)CYDEV_PM_ACT_BASE, 14u);
 330   1              CY_SET_REG8((void CYXDATA *)CYREG_PM_STBY_CFG0, CY_GET_REG8((void CYXDATA *)CYREG_PM_STBY_CFG0) & (uint8)
             -~0x02u);        /* Disable CPU */
 331   1      }
C51 COMPILER V9.51   CYFITTER_CFG                                                          04/07/2019 21:15:46 PAGE 7   

ASSEMBLY LISTING OF GENERATED OBJECT CODE


             ; FUNCTION _CyClockStartupError (BEGIN)
                                           ; SOURCE LINE # 78
0000 900000      R     MOV     DPTR,#errorCode
0003 EF                MOV     A,R7
0004 F0                MOVX    @DPTR,A
                                           ; SOURCE LINE # 79
                                           ; SOURCE LINE # 81
0005 900000      R     MOV     DPTR,#errorCode
0008 E0                MOVX    A,@DPTR
0009 FF                MOV     R7,A
000A 900000      R     MOV     DPTR,#errorCode
000D EF                MOV     A,R7
000E F0                MOVX    @DPTR,A
000F         ?C0001:
                                           ; SOURCE LINE # 97
000F 80FE              SJMP    ?C0001
0011 22                RET     
             ; FUNCTION _CyClockStartupError (END)

             ; FUNCTION ClockSetup (BEGIN)
                                           ; SOURCE LINE # 133
                                           ; SOURCE LINE # 134
                                           ; SOURCE LINE # 140
0000 7B00              MOV     R3,#00H
0002 7A40              MOV     R2,#040H
0004 7980              MOV     R1,#080H
0006 7DF4              MOV     R5,#0F4H
0008 7C2D              MOV     R4,#02DH
000A 120000      E     LCALL   _cywrite16
                                           ; SOURCE LINE # 141
000D 904082            MOV     DPTR,#04082H
0010 7419              MOV     A,#019H
0012 F0                MOVX    @DPTR,A
                                           ; SOURCE LINE # 144
0013 904300            MOV     DPTR,#04300H
0016 7402              MOV     A,#02H
0018 F0                MOVX    @DPTR,A
                                           ; SOURCE LINE # 145
0019 904000            MOV     DPTR,#04000H
001C 7408              MOV     A,#08H
001E F0                MOVX    @DPTR,A
                                           ; SOURCE LINE # 148
001F 904200            MOV     DPTR,#04200H
0022 7403              MOV     A,#03H
0024 F0                MOVX    @DPTR,A
                                           ; SOURCE LINE # 149
0025 7B0C              MOV     R3,#0CH
0027 7A01              MOV     R2,#01H
0029 7908              MOV     R1,#08H
002B 120000      E     LCALL   _cyread8
002E 9046A1            MOV     DPTR,#046A1H
0031 EF                MOV     A,R7
0032 F0                MOVX    @DPTR,A
                                           ; SOURCE LINE # 152
0033 7B00              MOV     R3,#00H
0035 7A42              MOV     R2,#042H
0037 7922              MOV     R1,#022H
0039 7D08              MOV     R5,#08H
003B 7C00              MOV     R4,#00H
C51 COMPILER V9.51   CYFITTER_CFG                                                          04/07/2019 21:15:46 PAGE 8   

003D 120000      E     LCALL   _cywrite16
                                           ; SOURCE LINE # 153
0040 7B00              MOV     R3,#00H
0042 7A42              MOV     R2,#042H
0044 7920              MOV     R1,#020H
0046 7D51              MOV     R5,#051H
0048 7C12              MOV     R4,#012H
004A 120000      E     LCALL   _cywrite16
                                           ; SOURCE LINE # 155
004D 900000      R     MOV     DPTR,#pllLock
0050 E4                CLR     A
0051 F0                MOVX    @DPTR,A
                                           ; SOURCE LINE # 156
0052 7F19              MOV     R7,#019H
0054 7E00              MOV     R6,#00H
0056 7D00              MOV     R5,#00H
0058 7C00              MOV     R4,#00H
005A 900000      R     MOV     DPTR,#timeout
005D 120000      E     LCALL   ?C?LSTXDATA
0060         ?C0004:
0060 900000      R     MOV     DPTR,#timeout
0063 120000      E     LCALL   ?C?LLDXDATA
0066 D3                SETB    C
0067 EF                MOV     A,R7
0068 9400              SUBB    A,#00H
006A EE                MOV     A,R6
006B 9400              SUBB    A,#00H
006D 404E              JC      ?C0005
006F 900000      R     MOV     DPTR,#pllLock
0072 E0                MOVX    A,@DPTR
0073 FF                MOV     R7,A
0074 EF                MOV     A,R7
0075 6403              XRL     A,#03H
0077 6044              JZ      ?C0005
                                           ; SOURCE LINE # 157
                                           ; SOURCE LINE # 158
0079 904225            MOV     DPTR,#04225H
007C E0                MOVX    A,@DPTR
007D FF                MOV     R7,A
007E EF                MOV     A,R7
007F 5401              ANL     A,#01H
0081 FF                MOV     R7,A
0082 7E00              MOV     R6,#00H
0084 900000      R     MOV     DPTR,#pllLock
0087 E0                MOVX    A,@DPTR
0088 FE                MOV     R6,A
0089 EE                MOV     A,R6
008A 25E0              ADD     A,ACC
008C FE                MOV     R6,A
008D EE                MOV     A,R6
008E 4F                ORL     A,R7
008F FF                MOV     R7,A
0090 EF                MOV     A,R7
0091 5403              ANL     A,#03H
0093 FF                MOV     R7,A
0094 900000      R     MOV     DPTR,#pllLock
0097 EF                MOV     A,R7
0098 F0                MOVX    @DPTR,A
                                           ; SOURCE LINE # 159
0099 7FE0              MOV     R7,#0E0H
009B 7E01              MOV     R6,#01H
009D 7D00              MOV     R5,#00H
C51 COMPILER V9.51   CYFITTER_CFG                                                          04/07/2019 21:15:46 PAGE 9   

009F 7C00              MOV     R4,#00H
00A1 120000      E     LCALL   _CyDelayCycles
                                           ; SOURCE LINE # 160
00A4 900000      R     MOV     DPTR,#timeout
00A7 120000      E     LCALL   ?C?LLDXDATA
00AA 7BFF              MOV     R3,#0FFH
00AC 7AFF              MOV     R2,#0FFH
00AE 79FF              MOV     R1,#0FFH
00B0 78FF              MOV     R0,#0FFH
00B2 120000      E     LCALL   ?C?LADD
00B5 900000      R     MOV     DPTR,#timeout
00B8 120000      E     LCALL   ?C?LSTXDATA
00BB 80A3              SJMP    ?C0004
00BD         ?C0005:
                                           ; SOURCE LINE # 162
00BD 900000      R     MOV     DPTR,#timeout
00C0 120000      E     LCALL   ?C?LLDXDATA
00C3 EF                MOV     A,R7
00C4 4E                ORL     A,R6
00C5 7005              JNZ     ?C0007
                                           ; SOURCE LINE # 163
                                           ; SOURCE LINE # 164
00C7 7F03              MOV     R7,#03H
00C9 120000      R     LCALL   _CyClockStartupError
                                           ; SOURCE LINE # 165
00CC         ?C0007:
                                           ; SOURCE LINE # 168
00CC 7B00              MOV     R3,#00H
00CE 7A40              MOV     R2,#040H
00D0 7904              MOV     R1,#04H
00D2 7D00              MOV     R5,#00H
00D4 7C01              MOV     R4,#01H
00D6 120000      E     LCALL   _cywrite16
                                           ; SOURCE LINE # 169
00D9 904004            MOV     DPTR,#04004H
00DC 7407              MOV     A,#07H
00DE F0                MOVX    @DPTR,A
                                           ; SOURCE LINE # 170
00DF 904006            MOV     DPTR,#04006H
00E2 E4                CLR     A
00E3 F0                MOVX    @DPTR,A
                                           ; SOURCE LINE # 171
00E4 904008            MOV     DPTR,#04008H
00E7 7448              MOV     A,#048H
00E9 F0                MOVX    @DPTR,A
                                           ; SOURCE LINE # 172
00EA 904004            MOV     DPTR,#04004H
00ED E4                CLR     A
00EE F0                MOVX    @DPTR,A
                                           ; SOURCE LINE # 173
00EF 904001            MOV     DPTR,#04001H
00F2 7402              MOV     A,#02H
00F4 F0                MOVX    @DPTR,A
                                           ; SOURCE LINE # 175
00F5 9043A2            MOV     DPTR,#043A2H
00F8 E0                MOVX    A,@DPTR
00F9 FF                MOV     R7,A
00FA EF                MOV     A,R7
00FB 4401              ORL     A,#01H
00FD FF                MOV     R7,A
00FE 9043A2            MOV     DPTR,#043A2H
0101 EF                MOV     A,R7
C51 COMPILER V9.51   CYFITTER_CFG                                                          04/07/2019 21:15:46 PAGE 10  

0102 F0                MOVX    @DPTR,A
                                           ; SOURCE LINE # 176
0103 22                RET     
             ; FUNCTION ClockSetup (END)

             ; FUNCTION AnalogSetDefault (BEGIN)
                                           ; SOURCE LINE # 198
                                           ; SOURCE LINE # 199
                                           ; SOURCE LINE # 200
0000 7B0C              MOV     R3,#0CH
0002 7A01              MOV     R2,#01H
0004 79CF              MOV     R1,#0CFH
0006 120000      E     LCALL   _cyread8
0009 900000      R     MOV     DPTR,#bg_xover_inl_trim
000C EF                MOV     A,R7
000D F0                MOVX    @DPTR,A
                                           ; SOURCE LINE # 201
000E 900000      R     MOV     DPTR,#bg_xover_inl_trim
0011 E0                MOVX    A,@DPTR
0012 FF                MOV     R7,A
0013 EF                MOV     A,R7
0014 5407              ANL     A,#07H
0016 FF                MOV     R7,A
0017 90586E            MOV     DPTR,#0586EH
001A EF                MOV     A,R7
001B F0                MOVX    @DPTR,A
                                           ; SOURCE LINE # 202
001C 900000      R     MOV     DPTR,#bg_xover_inl_trim
001F E0                MOVX    A,@DPTR
0020 FF                MOV     R7,A
0021 EF                MOV     A,R7
0022 C4                SWAP    A
0023 540F              ANL     A,#0FH
0025 FF                MOV     R7,A
0026 EF                MOV     A,R7
0027 540F              ANL     A,#0FH
0029 FF                MOV     R7,A
002A 90586F            MOV     DPTR,#0586FH
002D EF                MOV     A,R7
002E F0                MOVX    @DPTR,A
                                           ; SOURCE LINE # 203
002F 905876            MOV     DPTR,#05876H
0032 7444              MOV     A,#044H
0034 F0                MOVX    @DPTR,A
                                           ; SOURCE LINE # 204
0035 22                RET     
             ; FUNCTION AnalogSetDefault (END)

             ; FUNCTION _SetAnalogRoutingPumps (BEGIN)
                                           ; SOURCE LINE # 224
0000 900000      R     MOV     DPTR,#enabled
0003 EF                MOV     A,R7
0004 F0                MOVX    @DPTR,A
                                           ; SOURCE LINE # 225
                                           ; SOURCE LINE # 226
0005 905876            MOV     DPTR,#05876H
0008 E0                MOVX    A,@DPTR
0009 FF                MOV     R7,A
000A 900000      R     MOV     DPTR,#regValue
000D EF                MOV     A,R7
000E F0                MOVX    @DPTR,A
                                           ; SOURCE LINE # 227
C51 COMPILER V9.51   CYFITTER_CFG                                                          04/07/2019 21:15:46 PAGE 11  

000F 900000      R     MOV     DPTR,#enabled
0012 E0                MOVX    A,@DPTR
0013 FF                MOV     R7,A
0014 EF                MOV     A,R7
0015 6010              JZ      ?C0010
                                           ; SOURCE LINE # 228
                                           ; SOURCE LINE # 229
0017 900000      R     MOV     DPTR,#regValue
001A E0                MOVX    A,@DPTR
001B FF                MOV     R7,A
001C EF                MOV     A,R7
001D 4400              ORL     A,#00H
001F FF                MOV     R7,A
0020 900000      R     MOV     DPTR,#regValue
0023 EF                MOV     A,R7
0024 F0                MOVX    @DPTR,A
                                           ; SOURCE LINE # 230
0025 800E              SJMP    ?C0011
0027         ?C0010:
                                           ; SOURCE LINE # 232
                                           ; SOURCE LINE # 233
0027 900000      R     MOV     DPTR,#regValue
002A E0                MOVX    A,@DPTR
002B FF                MOV     R7,A
002C EF                MOV     A,R7
002D 54FF              ANL     A,#0FFH
002F FF                MOV     R7,A
0030 900000      R     MOV     DPTR,#regValue
0033 EF                MOV     A,R7
0034 F0                MOVX    @DPTR,A
                                           ; SOURCE LINE # 234
0035         ?C0011:
                                           ; SOURCE LINE # 235
0035 900000      R     MOV     DPTR,#regValue
0038 E0                MOVX    A,@DPTR
0039 FF                MOV     R7,A
003A 905876            MOV     DPTR,#05876H
003D EF                MOV     A,R7
003E F0                MOVX    @DPTR,A
                                           ; SOURCE LINE # 236
003F 22                RET     
             ; FUNCTION _SetAnalogRoutingPumps (END)

             ; FUNCTION cyfitter_cfg (BEGIN)
                                           ; SOURCE LINE # 258
                                           ; SOURCE LINE # 259
                                           ; SOURCE LINE # 261
0000 7B00              MOV     R3,#00H
0002 7A46              MOV     R2,#046H
0004 79E8              MOV     R1,#0E8H
0006 120000      E     LCALL   _cyread8
0009 EF                MOV     A,R7
000A 4405              ORL     A,#05H
000C FD                MOV     R5,A
000D 7B00              MOV     R3,#00H
000F 7A46              MOV     R2,#046H
0011 79E8              MOV     R1,#0E8H
0013 120000      E     LCALL   _cywrite8
                                           ; SOURCE LINE # 263
                                           ; SOURCE LINE # 286
0016 750000      R     MOV     i,#00H
0019         ?C0013:
C51 COMPILER V9.51   CYFITTER_CFG                                                          04/07/2019 21:15:46 PAGE 12  

0019 E500        R     MOV     A,i
001B C3                CLR     C
001C 9409              SUBB    A,#09H
001E 503A              JNC     ?C0014
                                           ; SOURCE LINE # 287
                                           ; SOURCE LINE # 288
0020 AF00        R     MOV     R7,i
0022 EF                MOV     A,R7
0023 75F005            MOV     B,#05H
0026 A4                MUL     AB
0027 2400        R     ADD     A,#LOW cfg_memset_list
0029 F582              MOV     DPL,A
002B E4                CLR     A
002C 3400        R     ADDC    A,#HIGH cfg_memset_list
002E F583              MOV     DPH,A
0030 AF82              MOV     R7,DPL
0032 AE83              MOV     R6,DPH
0034 8E00        R     MOV     ms,R6
0036 8F00        R     MOV     ms+01H,R7
                                           ; SOURCE LINE # 289
0038 AE00        R     MOV     R6,ms
003A AF00        R     MOV     R7,ms+01H
003C 8F82              MOV     DPL,R7
003E 8E83              MOV     DPH,R6
0040 120000      E     LCALL   ?C?PLDCODE
0043 AE00        R     MOV     R6,ms
0045 AF00        R     MOV     R7,ms+01H
0047 8F82              MOV     DPL,R7
0049 8E83              MOV     DPH,R6
004B 7403              MOV     A,#03H
004D 93                MOVC    A,@A+DPTR
004E FC                MOV     R4,A
004F 7404              MOV     A,#04H
0051 93                MOVC    A,@A+DPTR
0052 FD                MOV     R5,A
0053 120000      E     LCALL   _cymemzero
                                           ; SOURCE LINE # 290
0056 0500        R     INC     i
0058 80BF              SJMP    ?C0013
005A         ?C0014:
                                           ; SOURCE LINE # 292
005A 7B08              MOV     R3,#08H
005C 7A00              MOV     R2,#00H
005E 7900              MOV     R1,#00H
0060 120000      E     LCALL   _cfg_write_bytes
                                           ; SOURCE LINE # 295
0063 7B01              MOV     R3,#01H
0065 7A50              MOV     R2,#050H
0067 7903              MOV     R1,#03H
0069 120000      E     LCALL   _cyread8
006C EF                MOV     A,R7
006D 4402              ORL     A,#02H
006F FD                MOV     R5,A
0070 7B01              MOV     R3,#01H
0072 7A50              MOV     R2,#050H
0074 7903              MOV     R1,#03H
0076 120000      E     LCALL   _cywrite8
                                           ; SOURCE LINE # 296
0079 7B01              MOV     R3,#01H
007B 7A50              MOV     R2,#050H
007D 7913              MOV     R1,#013H
007F 120000      E     LCALL   _cyread8
C51 COMPILER V9.51   CYFITTER_CFG                                                          04/07/2019 21:15:46 PAGE 13  

0082 EF                MOV     A,R7
0083 4402              ORL     A,#02H
0085 FD                MOV     R5,A
0086 7B01              MOV     R3,#01H
0088 7A50              MOV     R2,#050H
008A 7913              MOV     R1,#013H
008C 120000      E     LCALL   _cywrite8
                                           ; SOURCE LINE # 299
008F 9043A0            MOV     DPTR,#043A0H
0092 E0                MOVX    A,@DPTR
0093 FF                MOV     R7,A
0094 EF                MOV     A,R7
0095 4440              ORL     A,#040H
0097 FF                MOV     R7,A
0098 9043A0            MOV     DPTR,#043A0H
009B EF                MOV     A,R7
009C F0                MOVX    @DPTR,A
                                           ; SOURCE LINE # 300
009D 9043C2            MOV     DPTR,#043C2H
00A0 E0                MOVX    A,@DPTR
00A1 FF                MOV     R7,A
00A2 EF                MOV     A,R7
00A3 4410              ORL     A,#010H
00A5 FF                MOV     R7,A
00A6 9043C2            MOV     DPTR,#043C2H
00A9 EF                MOV     A,R7
00AA F0                MOVX    @DPTR,A
                                           ; SOURCE LINE # 301
                                           ; SOURCE LINE # 305
00AB 7B08              MOV     R3,#08H
00AD 7A00              MOV     R2,#00H
00AF 7998              MOV     R1,#098H
00B1 C003              PUSH    AR3
00B3 C002              PUSH    AR2
00B5 C001              PUSH    AR1
00B7 7B00              MOV     R3,#00H
00B9 7A51              MOV     R2,#051H
00BB 79F0              MOV     R1,#0F0H
00BD 900000      E     MOV     DPTR,#?_cyconfigcpy?BYTE+05H
00C0 120000      E     LCALL   ?C?PSTXDATA
00C3 D001              POP     AR1
00C5 D002              POP     AR2
00C7 D003              POP     AR3
00C9 7F0A              MOV     R7,#0AH
00CB 7E00              MOV     R6,#00H
00CD 120000      E     LCALL   _cyconfigcpy
                                           ; SOURCE LINE # 306
00D0 7B08              MOV     R3,#08H
00D2 7A00              MOV     R2,#00H
00D4 79A4              MOV     R1,#0A4H
00D6 C003              PUSH    AR3
00D8 C002              PUSH    AR2
00DA C001              PUSH    AR1
00DC 7B00              MOV     R3,#00H
00DE 7A51              MOV     R2,#051H
00E0 7912              MOV     R1,#012H
00E2 900000      E     MOV     DPTR,#?_cyconfigcpy?BYTE+05H
00E5 120000      E     LCALL   ?C?PSTXDATA
00E8 D001              POP     AR1
00EA D002              POP     AR2
00EC D003              POP     AR3
00EE 7F08              MOV     R7,#08H
C51 COMPILER V9.51   CYFITTER_CFG                                                          04/07/2019 21:15:46 PAGE 14  

00F0 7E00              MOV     R6,#00H
00F2 120000      E     LCALL   _cyconfigcpy
                                           ; SOURCE LINE # 307
00F5 7B08              MOV     R3,#08H
00F7 7A00              MOV     R2,#00H
00F9 79AC              MOV     R1,#0ACH
00FB C003              PUSH    AR3
00FD C002              PUSH    AR2
00FF C001              PUSH    AR1
0101 7B00              MOV     R3,#00H
0103 7A51              MOV     R2,#051H
0105 7932              MOV     R1,#032H
0107 900000      E     MOV     DPTR,#?_cyconfigcpy?BYTE+05H
010A 120000      E     LCALL   ?C?PSTXDATA
010D D001              POP     AR1
010F D002              POP     AR2
0111 D003              POP     AR3
0113 7F08              MOV     R7,#08H
0115 7E00              MOV     R6,#00H
0117 120000      E     LCALL   _cyconfigcpy
                                           ; SOURCE LINE # 308
011A 7B08              MOV     R3,#08H
011C 7A00              MOV     R2,#00H
011E 79B4              MOV     R1,#0B4H
0120 C003              PUSH    AR3
0122 C002              PUSH    AR2
0124 C001              PUSH    AR1
0126 7B00              MOV     R3,#00H
0128 7A51              MOV     R2,#051H
012A 7960              MOV     R1,#060H
012C 900000      E     MOV     DPTR,#?_cyconfigcpy?BYTE+05H
012F 120000      E     LCALL   ?C?PSTXDATA
0132 D001              POP     AR1
0134 D002              POP     AR2
0136 D003              POP     AR3
0138 7F0A              MOV     R7,#0AH
013A 7E00              MOV     R6,#00H
013C 120000      E     LCALL   _cyconfigcpy
                                           ; SOURCE LINE # 309
013F 9044F4            MOV     DPTR,#044F4H
0142 7401              MOV     A,#01H
0144 F0                MOVX    @DPTR,A
                                           ; SOURCE LINE # 311
0145 904322            MOV     DPTR,#04322H
0148 E0                MOVX    A,@DPTR
0149 FF                MOV     R7,A
014A EF                MOV     A,R7
014B 4408              ORL     A,#08H
014D FF                MOV     R7,A
014E 904322            MOV     DPTR,#04322H
0151 EF                MOV     A,R7
0152 F0                MOVX    @DPTR,A
                                           ; SOURCE LINE # 312
0153 9046EC            MOV     DPTR,#046ECH
0156 E0                MOVX    A,@DPTR
0157 FF                MOV     R7,A
0158 EF                MOV     A,R7
0159 C3                CLR     C
015A 9405              SUBB    A,#05H
015C 5006              JNC     ?C0016
                                           ; SOURCE LINE # 313
                                           ; SOURCE LINE # 314
C51 COMPILER V9.51   CYFITTER_CFG                                                          04/07/2019 21:15:46 PAGE 15  

015E 904689            MOV     DPTR,#04689H
0161 743A              MOV     A,#03AH
0163 F0                MOVX    @DPTR,A
                                           ; SOURCE LINE # 315
0164         ?C0016:
                                           ; SOURCE LINE # 319
0164 904800            MOV     DPTR,#04800H
0167 7431              MOV     A,#031H
0169 F0                MOVX    @DPTR,A
                                           ; SOURCE LINE # 321
016A 120000      R     LCALL   ClockSetup
                                           ; SOURCE LINE # 323
016D 904800            MOV     DPTR,#04800H
0170 74B1              MOV     A,#0B1H
0172 F0                MOVX    @DPTR,A
                                           ; SOURCE LINE # 326
0173 120000      R     LCALL   AnalogSetDefault
                                           ; SOURCE LINE # 329
0176 7B00              MOV     R3,#00H
0178 7A43              MOV     R2,#043H
017A 79A0              MOV     R1,#0A0H
017C C003              PUSH    AR3
017E C002              PUSH    AR2
0180 C001              PUSH    AR1
0182 7B00              MOV     R3,#00H
0184 7A43              MOV     R2,#043H
0186 79B0              MOV     R1,#0B0H
0188 900000      E     MOV     DPTR,#?_cyconfigcpy?BYTE+05H
018B 120000      E     LCALL   ?C?PSTXDATA
018E D001              POP     AR1
0190 D002              POP     AR2
0192 D003              POP     AR3
0194 7F0E              MOV     R7,#0EH
0196 7E00              MOV     R6,#00H
0198 120000      E     LCALL   _cyconfigcpy
                                           ; SOURCE LINE # 330
019B 9043B0            MOV     DPTR,#043B0H
019E E0                MOVX    A,@DPTR
019F FF                MOV     R7,A
01A0 EF                MOV     A,R7
01A1 54FD              ANL     A,#0FDH
01A3 FF                MOV     R7,A
01A4 EF                MOV     A,R7
01A5 F0                MOVX    @DPTR,A
                                           ; SOURCE LINE # 331
01A6 22                RET     
             ; FUNCTION cyfitter_cfg (END)



MODULE INFORMATION:   STATIC OVERLAYABLE
   CODE SIZE        =    819    ----
   CONSTANT SIZE    =     45    ----
   XDATA SIZE       =   ----       9
   PDATA SIZE       =   ----    ----
   DATA SIZE        =   ----       3
   IDATA SIZE       =   ----    ----
   BIT SIZE         =   ----    ----
   EDATA SIZE       =   ----    ----
   HDATA SIZE       =   ----    ----
   XDATA CONST SIZE =   ----    ----
   FAR CONST SIZE   =   ----    ----
C51 COMPILER V9.51   CYFITTER_CFG                                                          04/07/2019 21:15:46 PAGE 16  

END OF MODULE INFORMATION.


C51 COMPILATION COMPLETE.  0 WARNING(S),  0 ERROR(S)
