--------------- Build Started: 04/02/2019 13:44:54 Project: Traficlight, Configuration: DP8051 Keil 9.51 Debug ---------------
cydsfit.exe -.appdatapath "C:\Users\SomaShekar\AppData\Local\Cypress Semiconductor\PSoC Creator\4.2" -.fdsnotice -.fdswarpdepfile=warp_dependencies.txt -.fdselabdepfile=elab_dependencies.txt -.fdsbldfile=generated_files.txt -.fdsreffile=referenced_files.txt -p "D:\nisarga 2\PSoC Manual Projects\Project 3\Project 3D\Traficlight.cydsn\Traficlight.cyprj" -d CY8C3866AXI-040 -s "D:\nisarga 2\PSoC Manual Projects\Project 3\Project 3D\Traficlight.cydsn\Generated_Source\PSoC3" -- -yv2 -q10 -ygs -o2 -v3 -.fftcfgtype=BE
Elaborating Design...
HDL Generation...
Synthesis...
Tech Mapping...
Analog Placement...
Analog Routing...
Analog Code Generation...
Digital Placement...
Digital Routing...
Bitstream Generation...
Bitstream Verification...
Static timing analysis...
API Generation...
Dependency Generation...
Cleanup...
c51.exe main.c NOIV LARGE MODDP2 OMF2 VB(1) NOIP "INCDIR(., Generated_Source\PSoC3)" FF(3) DB DF(DEBUG) WL(2) PR(.\DP8051\DP8051_Keil_951\Debug/main.lst) CD OT(2 ,Size) OJ(.\DP8051\DP8051_Keil_951\Debug\main.obj)
c51.exe Generated_Source\PSoC3\cyfitter_cfg.c NOIV LARGE MODDP2 OMF2 VB(1) NOIP "INCDIR(., Generated_Source\PSoC3)" FF(3) DB DF(DEBUG) WL(2) PR(.\DP8051\DP8051_Keil_951\Debug/cyfitter_cfg.lst) CD OT(2 ,Size) OJ(.\DP8051\DP8051_Keil_951\Debug\cyfitter_cfg.obj)
c51.exe Generated_Source\PSoC3\Red_LED.c NOIV LARGE MODDP2 OMF2 VB(1) NOIP "INCDIR(., Generated_Source\PSoC3)" FF(3) DB DF(DEBUG) WL(2) PR(.\DP8051\DP8051_Keil_951\Debug/Red_LED.lst) CD OT(2 ,Size) OJ(.\DP8051\DP8051_Keil_951\Debug\Red_LED.obj)
c51.exe Generated_Source\PSoC3\Green_LED.c NOIV LARGE MODDP2 OMF2 VB(1) NOIP "INCDIR(., Generated_Source\PSoC3)" FF(3) DB DF(DEBUG) WL(2) PR(.\DP8051\DP8051_Keil_951\Debug/Green_LED.lst) CD OT(2 ,Size) OJ(.\DP8051\DP8051_Keil_951\Debug\Green_LED.obj)
c51.exe Generated_Source\PSoC3\timer_clock.c NOIV LARGE MODDP2 OMF2 VB(1) NOIP "INCDIR(., Generated_Source\PSoC3)" FF(3) DB DF(DEBUG) WL(2) PR(.\DP8051\DP8051_Keil_951\Debug/timer_clock.lst) CD OT(2 ,Size) OJ(.\DP8051\DP8051_Keil_951\Debug\timer_clock.obj)
c51.exe Generated_Source\PSoC3\LED_UpdateTimer.c NOIV LARGE MODDP2 OMF2 VB(1) NOIP "INCDIR(., Generated_Source\PSoC3)" FF(3) DB DF(DEBUG) WL(2) PR(.\DP8051\DP8051_Keil_951\Debug/LED_UpdateTimer.lst) CD OT(2 ,Size) OJ(.\DP8051\DP8051_Keil_951\Debug\LED_UpdateTimer.obj)
c51.exe Generated_Source\PSoC3\LED_UpdateTimer_PM.c NOIV LARGE MODDP2 OMF2 VB(1) NOIP "INCDIR(., Generated_Source\PSoC3)" FF(3) DB DF(DEBUG) WL(2) PR(.\DP8051\DP8051_Keil_951\Debug/LED_UpdateTimer_PM.lst) CD OT(2 ,Size) OJ(.\DP8051\DP8051_Keil_951\Debug\LED_UpdateTimer_PM.obj)
c51.exe Generated_Source\PSoC3\LED_UpdateISR.c NOIV LARGE MODDP2 OMF2 VB(1) NOIP "INCDIR(., Generated_Source\PSoC3)" FF(3) DB DF(DEBUG) WL(2) PR(.\DP8051\DP8051_Keil_951\Debug/LED_UpdateISR.lst) CD OT(2 ,Size) OJ(.\DP8051\DP8051_Keil_951\Debug\LED_UpdateISR.obj)
c51.exe Generated_Source\PSoC3\cy_em_eeprom.c NOIV LARGE MODDP2 OMF2 VB(1) NOIP "INCDIR(., Generated_Source\PSoC3)" FF(3) DB DF(DEBUG) WL(2) PR(.\DP8051\DP8051_Keil_951\Debug/cy_em_eeprom.lst) CD OT(2 ,Size) OJ(.\DP8051\DP8051_Keil_951\Debug\cy_em_eeprom.obj)
c51.exe Generated_Source\PSoC3\CyDmac.c NOIV LARGE MODDP2 OMF2 VB(1) NOIP "INCDIR(., Generated_Source\PSoC3)" FF(3) DB DF(DEBUG) WL(2) PR(.\DP8051\DP8051_Keil_951\Debug/CyDmac.lst) CD OT(2 ,Size) OJ(.\DP8051\DP8051_Keil_951\Debug\CyDmac.obj)
c51.exe Generated_Source\PSoC3\CyFlash.c NOIV LARGE MODDP2 OMF2 VB(1) NOIP "INCDIR(., Generated_Source\PSoC3)" FF(3) DB DF(DEBUG) WL(2) PR(.\DP8051\DP8051_Keil_951\Debug/CyFlash.lst) CD OT(2 ,Size) OJ(.\DP8051\DP8051_Keil_951\Debug\CyFlash.obj)
c51.exe Generated_Source\PSoC3\CyLib.c NOIV LARGE MODDP2 OMF2 VB(1) NOIP "INCDIR(., Generated_Source\PSoC3)" FF(3) DB DF(DEBUG) WL(2) PR(.\DP8051\DP8051_Keil_951\Debug/CyLib.lst) CD OT(2 ,Size) OJ(.\DP8051\DP8051_Keil_951\Debug\CyLib.obj)
c51.exe Generated_Source\PSoC3\cyPm.c NOIV LARGE MODDP2 OMF2 VB(1) NOIP "INCDIR(., Generated_Source\PSoC3)" FF(3) DB DF(DEBUG) WL(2) PR(.\DP8051\DP8051_Keil_951\Debug/cyPm.lst) CD OT(2 ,Size) OJ(.\DP8051\DP8051_Keil_951\Debug\cyPm.obj)
c51.exe Generated_Source\PSoC3\CySpc.c NOIV LARGE MODDP2 OMF2 VB(1) NOIP "INCDIR(., Generated_Source\PSoC3)" FF(3) DB DF(DEBUG) WL(2) PR(.\DP8051\DP8051_Keil_951\Debug/CySpc.lst) CD OT(2 ,Size) OJ(.\DP8051\DP8051_Keil_951\Debug\CySpc.obj)
c51.exe Generated_Source\PSoC3\cyutils.c NOIV LARGE MODDP2 OMF2 VB(1) NOIP "INCDIR(., Generated_Source\PSoC3)" FF(3) DB DF(DEBUG) WL(2) PR(.\DP8051\DP8051_Keil_951\Debug/cyutils.lst) CD OT(2 ,Size) OJ(.\DP8051\DP8051_Keil_951\Debug\cyutils.obj)
Ax51.exe Generated_Source\PSoC3\CyBootAsmKeil.a51 CASE EP "INCDIR(., Generated_Source\PSoC3)" DB MACRO DF(DEBUG) NOCO PR(.\DP8051\DP8051_Keil_951\Debug/CyBootAsmKeil.lst) OJ(.\DP8051\DP8051_Keil_951\Debug\CyBootAsmKeil.obj)
Ax51.exe Generated_Source\PSoC3\KeilStart.a51 CASE EP "INCDIR(., Generated_Source\PSoC3)" DB MACRO DF(DEBUG) NOCO PR(.\DP8051\DP8051_Keil_951\Debug/KeilStart.lst) OJ(.\DP8051\DP8051_Keil_951\Debug\KeilStart.obj)
LIBX51.exe TRANSFER '.\DP8051\DP8051_Keil_951\Debug\Red_LED.obj', '.\DP8051\DP8051_Keil_951\Debug\Green_LED.obj', '.\DP8051\DP8051_Keil_951\Debug\timer_clock.obj', '.\DP8051\DP8051_Keil_951\Debug\LED_UpdateTimer.obj', '.\DP8051\DP8051_Keil_951\Debug\LED_UpdateTimer_PM.obj', '.\DP8051\DP8051_Keil_951\Debug\LED_UpdateISR.obj', '.\DP8051\DP8051_Keil_951\Debug\cy_em_eeprom.obj', '.\DP8051\DP8051_Keil_951\Debug\CyDmac.obj', '.\DP8051\DP8051_Keil_951\Debug\CyFlash.obj', '.\DP8051\DP8051_Keil_951\Debug\CyLib.obj', '.\DP8051\DP8051_Keil_951\Debug\cyPm.obj', '.\DP8051\DP8051_Keil_951\Debug\CySpc.obj', '.\DP8051\DP8051_Keil_951\Debug\cyutils.obj', '.\DP8051\DP8051_Keil_951\Debug\CyBootAsmKeil.obj', '.\DP8051\DP8051_Keil_951\Debug\cymem.obj', '.\DP8051\DP8051_Keil_951\Debug\KeilStart.obj' TO '.\DP8051\DP8051_Keil_951\Debug\Traficlight.lib'
LX51.exe '.\DP8051\DP8051_Keil_951\Debug\main.obj', '.\DP8051\DP8051_Keil_951\Debug\cyfitter_cfg.obj', '.\DP8051\DP8051_Keil_951\Debug\Traficlight.lib', 'C:\Program Files (x86)\Cypress\PSoC Creator\4.2\PSoC Creator\psoc\content\cycomponentlibrary\CyComponentLibrary.cylib\DP8051\DP8051_Keil_951\Debug\CyComponentLibrary.lib' TO '.\DP8051\DP8051_Keil_951\Debug\Traficlight.omf' CODE RU RC(10) DW(16) WL(2) PR(.\DP8051\DP8051_Keil_951\Debug/Traficlight.map) IX CL(XDATA(X:0x0000-X:0x1FFF)) CL(CODE(C:0x0000-C:0xFFFF)) CL(CONST(C:0x0000-C:0xFFFF))
Program Size: data=14.0 xdata=99 const=50 code=2624
OHx51.exe Traficlight.omf HEXFILE(Traficlight.ihx)
c8051-elf-omf2elf.exe Traficlight.omf Traficlight.elf
CyHexTool -o "D:\nisarga 2\PSoC Manual Projects\Project 3\Project 3D\Traficlight.cydsn\DP8051\DP8051_Keil_951\Debug\Traficlight.hex" -f "D:\nisarga 2\PSoC Manual Projects\Project 3\Project 3D\Traficlight.cydsn\DP8051\DP8051_Keil_951\Debug\Traficlight.ihx" -prot Generated_Source\PSoC3\protect.hex -id 1E028069 -a EEPROM=90200000:800,PROGRAM=00000000:10000,CONFIG=80000000:2000,PROTECT=90400000:40 -meta 0301 -cunv 00004005 -wonv BC90ACAF -ecc Generated_Source\PSoC3\config.hex
Flash used: 2674 of 65536 bytes (4.1 %).
SRAM used: 99 of 8192 bytes (1.2 %).
--------------- Build Succeeded: 04/02/2019 13:45:39 ---------------
