C51 COMPILER V9.51   MAIN                                                                  04/12/2019 13:07:36 PAGE 1   


C51 COMPILER V9.51, COMPILATION OF MODULE MAIN
OBJECT MODULE PLACED IN .\DP8051\DP8051_Keil_951\Debug\main.obj
COMPILER INVOKED BY: C:\Program Files (x86)\Cypress\PSoC Creator\4.2\PSoC Creator\import\keil\pk51\9.51\C51\BIN\c51.exe 
                    -main.c NOIV LARGE MODDP2 OMF2 VB(1) NOIP INCDIR(.,Generated_Source\PSoC3) FF(3) DB DF(DEBUG) WL(2) PR(.\DP8051\DP8051_Ke
                    -il_951\Debug/main.lst) CD OT(2,SIZE) OJ(.\DP8051\DP8051_Keil_951\Debug\main.obj)

line level    source

   1          /* ========================================
   2           *
   3           * Copyright YOUR COMPANY, THE YEAR
   4           * All Rights Reserved
   5           * UNPUBLISHED, LICENSED SOFTWARE.
   6           *
   7           * CONFIDENTIAL AND PROPRIETARY INFORMATION
   8           * WHICH IS THE PROPERTY OF your company.
   9           *
  10           * ========================================
  11          */
  12          #include "project.h"
  13          #define ON  1
  14          #define OFF 0
  15          
  16          //void LCD_Print();
  17          #define IDEAL_DURATION  03
  18          #define GREEN_DURATION  10
  19          #define AMBER_DURATION  02
  20          //#define DURATION        25
  21          
  22          enum {STATE_1,STATE_2, STATE_3,STATE_4, STATE_5, STATE_6,STATE_7,STATE_8, Ideal};
  23          uint8 TimeInState;
  24          //uint8 Ftimer ;
  25          //uint8 Rtimer ;
  26          //uint8 Dtimer ;
  27          //uint8 Ltimer ;
  28          //uint8 FtimerFlag = 2;
  29          //uint8 RtimerFlag = 2;
  30          //uint8 DtimerFlag = 2;
  31          //uint8 LtimerFlag = 2;
  32          uint8 CurrentState;
  33          uint8 InitialCount=0;
  34          uint8 directionflag = 0;
  35          
  36          int main(void)
  37          {
  38   1           
  39   1          CyGlobalIntEnable; /* Enable global interrupts. */
  40   1      
  41   1          CurrentState = STATE_1 ;
  42   1          InitialCount = 1;
  43   1         
  44   1          Front_Red_LED_Write(ON);
  45   1          Right_Red_LED_Write(ON);
  46   1          Red_LED_Write(ON); 
  47   1          Left_Red_LED_Write(ON);
  48   1          
  49   1          /* Place your initialization/startup code here (e.g. MyInst_Start()) */
  50   1        LED_UpdateTimer_Start();
  51   1        LED_UpdateISR_Start();
  52   1        //LCD_Start();
  53   1      
C51 COMPILER V9.51   MAIN                                                                  04/12/2019 13:07:36 PAGE 2   

  54   1          for(;;)
  55   1          {
  56   2              /* Place your application code here. */
  57   2               switch(CurrentState){
  58   3                  case STATE_1:{
  59   4                      if(InitialCount){
  60   5                          
  61   5                          CyDelay(1000);
  62   5                          Front_Amber_LED_Write(ON);
  63   5                          Front_Red_LED_Write(OFF);   
  64   5                      }
  65   4                       if(TimeInState == AMBER_DURATION){
  66   5                          TimeInState =0;
  67   5                          directionflag = 0;
  68   5                          
  69   5                          //FtimerFlag = 1; 
  70   5                          //Ftimer = GREEN_DURATION ;
  71   5                          Front_Green_LED_Write(ON);
  72   5                          Front_Amber_LED_Write(OFF);   
  73   5                          
  74   5                          CurrentState = STATE_2;                   
  75   5                      }
  76   4                      if(InitialCount == 0){
  77   5                          
  78   5                          Front_Red_LED_Write(OFF);   
  79   5                      }
  80   4      
  81   4                      break;
  82   4                  }
  83   3                  case STATE_2:{
  84   4                      if(TimeInState == GREEN_DURATION){
  85   5                          TimeInState =0;
  86   5                          directionflag = 1;
  87   5                          CurrentState = Ideal;
  88   5                      }
  89   4                      
  90   4                      break;
  91   4                  }
  92   3                  case STATE_3:{
  93   4                      
  94   4                      if(TimeInState == AMBER_DURATION){
  95   5                          TimeInState =0;
  96   5                          
  97   5                          //Rtimer = GREEN_DURATION ;
  98   5                          //RtimerFlag = 1;
  99   5                          Right_Green_LED_Write(ON);
 100   5                          Right_Amber_LED_Write(OFF);
 101   5                      
 102   5                          CurrentState = STATE_4;
 103   5                      }
 104   4                      
 105   4                      Right_Red_LED_Write(OFF);
 106   4                     
 107   4                      break;
 108   4                  }
 109   3                  case STATE_4:{
 110   4                      if(TimeInState == GREEN_DURATION){
 111   5                          TimeInState =0;
 112   5                   
 113   5                          directionflag = 2;
 114   5                          CurrentState = Ideal;
 115   5                      }
C51 COMPILER V9.51   MAIN                                                                  04/12/2019 13:07:36 PAGE 3   

 116   4                     
 117   4                      break;
 118   4                  }
 119   3                  case STATE_5:{
 120   4                       if(TimeInState == AMBER_DURATION){
 121   5                          TimeInState =0;
 122   5                          
 123   5                          //Dtimer = GREEN_DURATION ;
 124   5                          //DtimerFlag = 1;
 125   5                          Green_LED_Write(ON);
 126   5                          Amber_LED_Write(OFF);
 127   5                      
 128   5                          CurrentState = STATE_6;
 129   5                      }
 130   4                      
 131   4                      Red_LED_Write(OFF);
 132   4                      
 133   4                      break;
 134   4                  }
 135   3                  case STATE_6:{
 136   4                    if(TimeInState == GREEN_DURATION){
 137   5                          TimeInState =0;
 138   5                          
 139   5                          directionflag = 3;
 140   5                          CurrentState = Ideal;
 141   5                      }
 142   4            
 143   4                      break;
 144   4                  }
 145   3                  case STATE_7:{
 146   4                    if(TimeInState == AMBER_DURATION){
 147   5                          TimeInState =0;
 148   5                          
 149   5                          //Ltimer = GREEN_DURATION ;
 150   5                          //LtimerFlag = 1;
 151   5                          Left_Amber_LED_Write(OFF);
 152   5                          Left_Green_LED_Write(ON);
 153   5      
 154   5                          CurrentState = STATE_8;
 155   5                      }
 156   4                      
 157   4                      Left_Red_LED_Write(OFF);
 158   4      
 159   4                      break;
 160   4                  }
 161   3                  case STATE_8:{
 162   4                    if(TimeInState == GREEN_DURATION){
 163   5                          TimeInState =0;
 164   5                          
 165   5                          InitialCount = 0;
 166   5                          directionflag = 4;                    
 167   5                          CurrentState = Ideal;
 168   5                      }
 169   4                  
 170   4                      break;
 171   4                  }
 172   3                  case Ideal:{
 173   4                      if(directionflag == 1){
 174   5                          
 175   5                          if(TimeInState == IDEAL_DURATION){
 176   6                              TimeInState =0;
 177   6                              directionflag = 0; 
C51 COMPILER V9.51   MAIN                                                                  04/12/2019 13:07:36 PAGE 4   

 178   6                              Right_Amber_LED_Write(ON);
 179   6                              CurrentState = STATE_3;
 180   6                          }   
 181   5                          Front_Green_LED_Write(OFF);
 182   5                          Front_Red_LED_Write(ON);
 183   5                          //Ftimer = DURATION;  
 184   5                          //FtimerFlag = 2;
 185   5                      }else if(directionflag == 2){
 186   5                          
 187   5                          if(TimeInState == IDEAL_DURATION){
 188   6                              TimeInState =0;
 189   6                              directionflag = 0;
 190   6                              Amber_LED_Write(ON);
 191   6                              CurrentState = STATE_5;
 192   6                          }  
 193   5                          Right_Green_LED_Write(OFF);
 194   5                          Right_Red_LED_Write(ON);
 195   5                          //Rtimer = DURATION;
 196   5                          //RtimerFlag = 2;
 197   5                      }else if(directionflag == 3){
 198   5                          if(TimeInState == IDEAL_DURATION){
 199   6                              TimeInState =0;
 200   6                              directionflag = 0;
 201   6                              Left_Amber_LED_Write(ON);
 202   6                              CurrentState = STATE_7;
 203   6                          }  
 204   5                          Green_LED_Write(OFF);
 205   5                          Red_LED_Write(ON);
 206   5                          //Dtimer = DURATION;
 207   5                         // DtimerFlag = 2;
 208   5                      }else if(directionflag == 4){
 209   5                          if(TimeInState == IDEAL_DURATION){
 210   6                              TimeInState =0;
 211   6                              directionflag = 0;
 212   6                              Front_Amber_LED_Write(ON);
 213   6                              CurrentState = STATE_1;
 214   6                          } 
 215   5                          Left_Green_LED_Write(OFF);
 216   5                          Left_Red_LED_Write(ON);
 217   5                          //Ltimer=DURATION;
 218   5                          //LtimerFlag = 2;
 219   5                      }
 220   4      //                else if((directionflag == 5) && (InitialCount == 1) ){
 221   4      //                      if(TimeInState == IDEAL_DURATION){
 222   4      //                        TimeInState =0;
 223   4      //                        directionflag = 0;
 224   4      //                        Front_Amber_LED_Write(ON);
 225   4      //                        CurrentState = STATE_1;
 226   4      //                    }  
 227   4      //
 228   4      //                }
 229   4                          
 230   4                      break;    
 231   4                  }
 232   3              }  
 233   2          }
 234   1      }
 235          
 236          //void LCD_Print(){
 237          //    
 238          //        LCD_ClearDisplay();
 239          //        LCD_Position(0,0);
C51 COMPILER V9.51   MAIN                                                                  04/12/2019 13:07:36 PAGE 5   

 240          //        LCD_PrintString("FT: ");
 241          //        LCD_PrintNumber(Ftimer);
 242          //        LCD_Position(0,8);
 243          //        LCD_PrintString("RT: ");
 244          //        LCD_PrintNumber(Rtimer);
 245          //        LCD_Position(1,0);
 246          //        LCD_PrintString("DT: ");
 247          //        LCD_PrintNumber(Dtimer);
 248          //        LCD_Position(1,8);
 249          //        LCD_PrintString("LT: ");
 250          //        LCD_PrintNumber(Ltimer);
 251          //}
 252          /* [] END OF FILE */
C51 COMPILER V9.51   MAIN                                                                  04/12/2019 13:07:36 PAGE 6   

ASSEMBLY LISTING OF GENERATED OBJECT CODE


             ; FUNCTION main (BEGIN)
                                           ; SOURCE LINE # 36
                                           ; SOURCE LINE # 37
                                           ; SOURCE LINE # 39
0000 D2AF              SETB    EA
0002 9044F4            MOV     DPTR,#044F4H
0005 74FD              MOV     A,#0FDH
0007 F0                MOVX    @DPTR,A
                                           ; SOURCE LINE # 41
0008 900000      R     MOV     DPTR,#CurrentState
000B E4                CLR     A
000C F0                MOVX    @DPTR,A
                                           ; SOURCE LINE # 42
000D 900000      R     MOV     DPTR,#InitialCount
0010 7401              MOV     A,#01H
0012 F0                MOVX    @DPTR,A
                                           ; SOURCE LINE # 44
0013 7F01              MOV     R7,#01H
0015 120000      E     LCALL   _Front_Red_LED_Write
                                           ; SOURCE LINE # 45
0018 7F01              MOV     R7,#01H
001A 120000      E     LCALL   _Right_Red_LED_Write
                                           ; SOURCE LINE # 46
001D 7F01              MOV     R7,#01H
001F 120000      E     LCALL   _Red_LED_Write
                                           ; SOURCE LINE # 47
0022 7F01              MOV     R7,#01H
0024 120000      E     LCALL   _Left_Red_LED_Write
                                           ; SOURCE LINE # 50
0027 120000      E     LCALL   LED_UpdateTimer_Start
                                           ; SOURCE LINE # 51
002A 120000      E     LCALL   LED_UpdateISR_Start
                                           ; SOURCE LINE # 54
002D         ?C0001:
                                           ; SOURCE LINE # 55
                                           ; SOURCE LINE # 57
002D 900000      R     MOV     DPTR,#CurrentState
0030 E0                MOVX    A,@DPTR
0031 FF                MOV     R7,A
0032 EF                MOV     A,R7
0033 120000      E     LCALL   ?C?CCASE
0036 0000        R     DW      ?C0004
0038 00                DB      00H
0039 0000        R     DW      ?C0008
003B 01                DB      01H
003C 0000        R     DW      ?C0010
003E 02                DB      02H
003F 0000        R     DW      ?C0012
0041 03                DB      03H
0042 0000        R     DW      ?C0014
0044 04                DB      04H
0045 0000        R     DW      ?C0016
0047 05                DB      05H
0048 0000        R     DW      ?C0018
004A 06                DB      06H
004B 0000        R     DW      ?C0020
004D 07                DB      07H
004E 0000        R     DW      ?C0022
0050 08                DB      08H
C51 COMPILER V9.51   MAIN                                                                  04/12/2019 13:07:36 PAGE 7   

0051 0000              DW      00H
0053 0000        R     DW      ?C0001
                                           ; SOURCE LINE # 58
0055         ?C0004:
                                           ; SOURCE LINE # 59
0055 900000      R     MOV     DPTR,#InitialCount
0058 E0                MOVX    A,@DPTR
0059 FF                MOV     R7,A
005A EF                MOV     A,R7
005B 6015              JZ      ?C0005
                                           ; SOURCE LINE # 61
005D 7FE8              MOV     R7,#0E8H
005F 7E03              MOV     R6,#03H
0061 7D00              MOV     R5,#00H
0063 7C00              MOV     R4,#00H
0065 120000      E     LCALL   _?CyDelay
                                           ; SOURCE LINE # 62
0068 7F01              MOV     R7,#01H
006A 120000      E     LCALL   _Front_Amber_LED_Write
                                           ; SOURCE LINE # 63
006D 7F00              MOV     R7,#00H
006F 120000      E     LCALL   _Front_Red_LED_Write
                                           ; SOURCE LINE # 64
0072         ?C0005:
                                           ; SOURCE LINE # 65
0072 900000      R     MOV     DPTR,#TimeInState
0075 E0                MOVX    A,@DPTR
0076 FF                MOV     R7,A
0077 EF                MOV     A,R7
0078 B4021A            CJNE    A,#02H,?C0006
                                           ; SOURCE LINE # 66
007B 900000      R     MOV     DPTR,#TimeInState
007E E4                CLR     A
007F F0                MOVX    @DPTR,A
                                           ; SOURCE LINE # 67
0080 900000      R     MOV     DPTR,#directionflag
0083 E4                CLR     A
0084 F0                MOVX    @DPTR,A
                                           ; SOURCE LINE # 71
0085 7F01              MOV     R7,#01H
0087 120000      E     LCALL   _Front_Green_LED_Write
                                           ; SOURCE LINE # 72
008A 7F00              MOV     R7,#00H
008C 120000      E     LCALL   _Front_Amber_LED_Write
                                           ; SOURCE LINE # 74
008F 900000      R     MOV     DPTR,#CurrentState
0092 7401              MOV     A,#01H
0094 F0                MOVX    @DPTR,A
                                           ; SOURCE LINE # 75
0095         ?C0006:
                                           ; SOURCE LINE # 76
0095 900000      R     MOV     DPTR,#InitialCount
0098 E0                MOVX    A,@DPTR
0099 FF                MOV     R7,A
009A EF                MOV     A,R7
009B 7090              JNZ     ?C0001
                                           ; SOURCE LINE # 78
009D 7F00              MOV     R7,#00H
009F 120000      E     LCALL   _Front_Red_LED_Write
                                           ; SOURCE LINE # 79
                                           ; SOURCE LINE # 81
00A2 8089              SJMP    ?C0001
C51 COMPILER V9.51   MAIN                                                                  04/12/2019 13:07:36 PAGE 8   

                                           ; SOURCE LINE # 82
                                           ; SOURCE LINE # 83
00A4         ?C0008:
                                           ; SOURCE LINE # 84
00A4 900000      R     MOV     DPTR,#TimeInState
00A7 E0                MOVX    A,@DPTR
00A8 FF                MOV     R7,A
00A9 EF                MOV     A,R7
00AA 640A              XRL     A,#0AH
00AC 6003              JZ      $ + 5H
00AE 020000      R     LJMP    ?C0001
                                           ; SOURCE LINE # 85
00B1 900000      R     MOV     DPTR,#TimeInState
00B4 E4                CLR     A
00B5 F0                MOVX    @DPTR,A
                                           ; SOURCE LINE # 86
00B6 900000      R     MOV     DPTR,#directionflag
00B9 7401              MOV     A,#01H
00BB F0                MOVX    @DPTR,A
                                           ; SOURCE LINE # 87
00BC 900000      R     MOV     DPTR,#CurrentState
00BF 7408              MOV     A,#08H
00C1 F0                MOVX    @DPTR,A
                                           ; SOURCE LINE # 88
                                           ; SOURCE LINE # 90
00C2 020000      R     LJMP    ?C0001
                                           ; SOURCE LINE # 91
                                           ; SOURCE LINE # 92
00C5         ?C0010:
                                           ; SOURCE LINE # 94
00C5 900000      R     MOV     DPTR,#TimeInState
00C8 E0                MOVX    A,@DPTR
00C9 FF                MOV     R7,A
00CA EF                MOV     A,R7
00CB B40215            CJNE    A,#02H,?C0011
                                           ; SOURCE LINE # 95
00CE 900000      R     MOV     DPTR,#TimeInState
00D1 E4                CLR     A
00D2 F0                MOVX    @DPTR,A
                                           ; SOURCE LINE # 99
00D3 7F01              MOV     R7,#01H
00D5 120000      E     LCALL   _Right_Green_LED_Write
                                           ; SOURCE LINE # 100
00D8 7F00              MOV     R7,#00H
00DA 120000      E     LCALL   _Right_Amber_LED_Write
                                           ; SOURCE LINE # 102
00DD 900000      R     MOV     DPTR,#CurrentState
00E0 7403              MOV     A,#03H
00E2 F0                MOVX    @DPTR,A
                                           ; SOURCE LINE # 103
00E3         ?C0011:
                                           ; SOURCE LINE # 105
00E3 7F00              MOV     R7,#00H
00E5 120000      E     LCALL   _Right_Red_LED_Write
                                           ; SOURCE LINE # 107
00E8 020000      R     LJMP    ?C0001
                                           ; SOURCE LINE # 108
                                           ; SOURCE LINE # 109
00EB         ?C0012:
                                           ; SOURCE LINE # 110
00EB 900000      R     MOV     DPTR,#TimeInState
00EE E0                MOVX    A,@DPTR
C51 COMPILER V9.51   MAIN                                                                  04/12/2019 13:07:36 PAGE 9   

00EF FF                MOV     R7,A
00F0 EF                MOV     A,R7
00F1 640A              XRL     A,#0AH
00F3 6003              JZ      $ + 5H
00F5 020000      R     LJMP    ?C0001
                                           ; SOURCE LINE # 111
00F8 900000      R     MOV     DPTR,#TimeInState
00FB E4                CLR     A
00FC F0                MOVX    @DPTR,A
                                           ; SOURCE LINE # 113
00FD 900000      R     MOV     DPTR,#directionflag
0100 7402              MOV     A,#02H
0102 F0                MOVX    @DPTR,A
                                           ; SOURCE LINE # 114
0103 900000      R     MOV     DPTR,#CurrentState
0106 7408              MOV     A,#08H
0108 F0                MOVX    @DPTR,A
                                           ; SOURCE LINE # 115
                                           ; SOURCE LINE # 117
0109 020000      R     LJMP    ?C0001
                                           ; SOURCE LINE # 118
                                           ; SOURCE LINE # 119
010C         ?C0014:
                                           ; SOURCE LINE # 120
010C 900000      R     MOV     DPTR,#TimeInState
010F E0                MOVX    A,@DPTR
0110 FF                MOV     R7,A
0111 EF                MOV     A,R7
0112 B40215            CJNE    A,#02H,?C0015
                                           ; SOURCE LINE # 121
0115 900000      R     MOV     DPTR,#TimeInState
0118 E4                CLR     A
0119 F0                MOVX    @DPTR,A
                                           ; SOURCE LINE # 125
011A 7F01              MOV     R7,#01H
011C 120000      E     LCALL   _Green_LED_Write
                                           ; SOURCE LINE # 126
011F 7F00              MOV     R7,#00H
0121 120000      E     LCALL   _Amber_LED_Write
                                           ; SOURCE LINE # 128
0124 900000      R     MOV     DPTR,#CurrentState
0127 7405              MOV     A,#05H
0129 F0                MOVX    @DPTR,A
                                           ; SOURCE LINE # 129
012A         ?C0015:
                                           ; SOURCE LINE # 131
012A 7F00              MOV     R7,#00H
012C 120000      E     LCALL   _Red_LED_Write
                                           ; SOURCE LINE # 133
012F 020000      R     LJMP    ?C0001
                                           ; SOURCE LINE # 134
                                           ; SOURCE LINE # 135
0132         ?C0016:
                                           ; SOURCE LINE # 136
0132 900000      R     MOV     DPTR,#TimeInState
0135 E0                MOVX    A,@DPTR
0136 FF                MOV     R7,A
0137 EF                MOV     A,R7
0138 640A              XRL     A,#0AH
013A 6003              JZ      $ + 5H
013C 020000      R     LJMP    ?C0001
                                           ; SOURCE LINE # 137
C51 COMPILER V9.51   MAIN                                                                  04/12/2019 13:07:36 PAGE 10  

013F 900000      R     MOV     DPTR,#TimeInState
0142 E4                CLR     A
0143 F0                MOVX    @DPTR,A
                                           ; SOURCE LINE # 139
0144 900000      R     MOV     DPTR,#directionflag
0147 7403              MOV     A,#03H
0149 F0                MOVX    @DPTR,A
                                           ; SOURCE LINE # 140
014A 900000      R     MOV     DPTR,#CurrentState
014D 7408              MOV     A,#08H
014F F0                MOVX    @DPTR,A
                                           ; SOURCE LINE # 141
                                           ; SOURCE LINE # 143
0150 020000      R     LJMP    ?C0001
                                           ; SOURCE LINE # 144
                                           ; SOURCE LINE # 145
0153         ?C0018:
                                           ; SOURCE LINE # 146
0153 900000      R     MOV     DPTR,#TimeInState
0156 E0                MOVX    A,@DPTR
0157 FF                MOV     R7,A
0158 EF                MOV     A,R7
0159 B40215            CJNE    A,#02H,?C0019
                                           ; SOURCE LINE # 147
015C 900000      R     MOV     DPTR,#TimeInState
015F E4                CLR     A
0160 F0                MOVX    @DPTR,A
                                           ; SOURCE LINE # 151
0161 7F00              MOV     R7,#00H
0163 120000      E     LCALL   _Left_Amber_LED_Write
                                           ; SOURCE LINE # 152
0166 7F01              MOV     R7,#01H
0168 120000      E     LCALL   _Left_Green_LED_Write
                                           ; SOURCE LINE # 154
016B 900000      R     MOV     DPTR,#CurrentState
016E 7407              MOV     A,#07H
0170 F0                MOVX    @DPTR,A
                                           ; SOURCE LINE # 155
0171         ?C0019:
                                           ; SOURCE LINE # 157
0171 7F00              MOV     R7,#00H
0173 120000      E     LCALL   _Left_Red_LED_Write
                                           ; SOURCE LINE # 159
0176 020000      R     LJMP    ?C0001
                                           ; SOURCE LINE # 160
                                           ; SOURCE LINE # 161
0179         ?C0020:
                                           ; SOURCE LINE # 162
0179 900000      R     MOV     DPTR,#TimeInState
017C E0                MOVX    A,@DPTR
017D FF                MOV     R7,A
017E EF                MOV     A,R7
017F 640A              XRL     A,#0AH
0181 6003              JZ      $ + 5H
0183 020000      R     LJMP    ?C0001
                                           ; SOURCE LINE # 163
0186 900000      R     MOV     DPTR,#TimeInState
0189 E4                CLR     A
018A F0                MOVX    @DPTR,A
                                           ; SOURCE LINE # 165
018B 900000      R     MOV     DPTR,#InitialCount
018E E4                CLR     A
C51 COMPILER V9.51   MAIN                                                                  04/12/2019 13:07:36 PAGE 11  

018F F0                MOVX    @DPTR,A
                                           ; SOURCE LINE # 166
0190 900000      R     MOV     DPTR,#directionflag
0193 7404              MOV     A,#04H
0195 F0                MOVX    @DPTR,A
                                           ; SOURCE LINE # 167
0196 900000      R     MOV     DPTR,#CurrentState
0199 7408              MOV     A,#08H
019B F0                MOVX    @DPTR,A
                                           ; SOURCE LINE # 168
                                           ; SOURCE LINE # 170
019C 020000      R     LJMP    ?C0001
                                           ; SOURCE LINE # 171
                                           ; SOURCE LINE # 172
019F         ?C0022:
                                           ; SOURCE LINE # 173
019F 900000      R     MOV     DPTR,#directionflag
01A2 E0                MOVX    A,@DPTR
01A3 FF                MOV     R7,A
01A4 EF                MOV     A,R7
01A5 B4012B            CJNE    A,#01H,?C0023
                                           ; SOURCE LINE # 175
01A8 900000      R     MOV     DPTR,#TimeInState
01AB E0                MOVX    A,@DPTR
01AC FF                MOV     R7,A
01AD EF                MOV     A,R7
01AE B40315            CJNE    A,#03H,?C0024
                                           ; SOURCE LINE # 176
01B1 900000      R     MOV     DPTR,#TimeInState
01B4 E4                CLR     A
01B5 F0                MOVX    @DPTR,A
                                           ; SOURCE LINE # 177
01B6 900000      R     MOV     DPTR,#directionflag
01B9 E4                CLR     A
01BA F0                MOVX    @DPTR,A
                                           ; SOURCE LINE # 178
01BB 7F01              MOV     R7,#01H
01BD 120000      E     LCALL   _Right_Amber_LED_Write
                                           ; SOURCE LINE # 179
01C0 900000      R     MOV     DPTR,#CurrentState
01C3 7402              MOV     A,#02H
01C5 F0                MOVX    @DPTR,A
                                           ; SOURCE LINE # 180
01C6         ?C0024:
                                           ; SOURCE LINE # 181
01C6 7F00              MOV     R7,#00H
01C8 120000      E     LCALL   _Front_Green_LED_Write
                                           ; SOURCE LINE # 182
01CB 7F01              MOV     R7,#01H
01CD 120000      E     LCALL   _Front_Red_LED_Write
                                           ; SOURCE LINE # 185
01D0 020000      R     LJMP    ?C0001
01D3         ?C0023:
01D3 900000      R     MOV     DPTR,#directionflag
01D6 E0                MOVX    A,@DPTR
01D7 FF                MOV     R7,A
01D8 EF                MOV     A,R7
01D9 B4022B            CJNE    A,#02H,?C0026
                                           ; SOURCE LINE # 187
01DC 900000      R     MOV     DPTR,#TimeInState
01DF E0                MOVX    A,@DPTR
01E0 FF                MOV     R7,A
C51 COMPILER V9.51   MAIN                                                                  04/12/2019 13:07:36 PAGE 12  

01E1 EF                MOV     A,R7
01E2 B40315            CJNE    A,#03H,?C0027
                                           ; SOURCE LINE # 188
01E5 900000      R     MOV     DPTR,#TimeInState
01E8 E4                CLR     A
01E9 F0                MOVX    @DPTR,A
                                           ; SOURCE LINE # 189
01EA 900000      R     MOV     DPTR,#directionflag
01ED E4                CLR     A
01EE F0                MOVX    @DPTR,A
                                           ; SOURCE LINE # 190
01EF 7F01              MOV     R7,#01H
01F1 120000      E     LCALL   _Amber_LED_Write
                                           ; SOURCE LINE # 191
01F4 900000      R     MOV     DPTR,#CurrentState
01F7 7404              MOV     A,#04H
01F9 F0                MOVX    @DPTR,A
                                           ; SOURCE LINE # 192
01FA         ?C0027:
                                           ; SOURCE LINE # 193
01FA 7F00              MOV     R7,#00H
01FC 120000      E     LCALL   _Right_Green_LED_Write
                                           ; SOURCE LINE # 194
01FF 7F01              MOV     R7,#01H
0201 120000      E     LCALL   _Right_Red_LED_Write
                                           ; SOURCE LINE # 197
0204 020000      R     LJMP    ?C0001
0207         ?C0026:
0207 900000      R     MOV     DPTR,#directionflag
020A E0                MOVX    A,@DPTR
020B FF                MOV     R7,A
020C EF                MOV     A,R7
020D B4032B            CJNE    A,#03H,?C0029
                                           ; SOURCE LINE # 198
0210 900000      R     MOV     DPTR,#TimeInState
0213 E0                MOVX    A,@DPTR
0214 FF                MOV     R7,A
0215 EF                MOV     A,R7
0216 B40315            CJNE    A,#03H,?C0030
                                           ; SOURCE LINE # 199
0219 900000      R     MOV     DPTR,#TimeInState
021C E4                CLR     A
021D F0                MOVX    @DPTR,A
                                           ; SOURCE LINE # 200
021E 900000      R     MOV     DPTR,#directionflag
0221 E4                CLR     A
0222 F0                MOVX    @DPTR,A
                                           ; SOURCE LINE # 201
0223 7F01              MOV     R7,#01H
0225 120000      E     LCALL   _Left_Amber_LED_Write
                                           ; SOURCE LINE # 202
0228 900000      R     MOV     DPTR,#CurrentState
022B 7406              MOV     A,#06H
022D F0                MOVX    @DPTR,A
                                           ; SOURCE LINE # 203
022E         ?C0030:
                                           ; SOURCE LINE # 204
022E 7F00              MOV     R7,#00H
0230 120000      E     LCALL   _Green_LED_Write
                                           ; SOURCE LINE # 205
0233 7F01              MOV     R7,#01H
0235 120000      E     LCALL   _Red_LED_Write
C51 COMPILER V9.51   MAIN                                                                  04/12/2019 13:07:36 PAGE 13  

                                           ; SOURCE LINE # 208
0238 020000      R     LJMP    ?C0001
023B         ?C0029:
023B 900000      R     MOV     DPTR,#directionflag
023E E0                MOVX    A,@DPTR
023F FF                MOV     R7,A
0240 EF                MOV     A,R7
0241 6404              XRL     A,#04H
0243 6003              JZ      $ + 5H
0245 020000      R     LJMP    ?C0001
                                           ; SOURCE LINE # 209
0248 900000      R     MOV     DPTR,#TimeInState
024B E0                MOVX    A,@DPTR
024C FF                MOV     R7,A
024D EF                MOV     A,R7
024E B40314            CJNE    A,#03H,?C0033
                                           ; SOURCE LINE # 210
0251 900000      R     MOV     DPTR,#TimeInState
0254 E4                CLR     A
0255 F0                MOVX    @DPTR,A
                                           ; SOURCE LINE # 211
0256 900000      R     MOV     DPTR,#directionflag
0259 E4                CLR     A
025A F0                MOVX    @DPTR,A
                                           ; SOURCE LINE # 212
025B 7F01              MOV     R7,#01H
025D 120000      E     LCALL   _Front_Amber_LED_Write
                                           ; SOURCE LINE # 213
0260 900000      R     MOV     DPTR,#CurrentState
0263 E4                CLR     A
0264 F0                MOVX    @DPTR,A
                                           ; SOURCE LINE # 214
0265         ?C0033:
                                           ; SOURCE LINE # 215
0265 7F00              MOV     R7,#00H
0267 120000      E     LCALL   _Left_Green_LED_Write
                                           ; SOURCE LINE # 216
026A 7F01              MOV     R7,#01H
026C 120000      E     LCALL   _Left_Red_LED_Write
                                           ; SOURCE LINE # 219
                                           ; SOURCE LINE # 230
026F 020000      R     LJMP    ?C0001
                                           ; SOURCE LINE # 231
                                           ; SOURCE LINE # 232
                                           ; SOURCE LINE # 233
0272 020000      R     LJMP    ?C0001
0275 22                RET     
             ; FUNCTION main (END)



MODULE INFORMATION:   STATIC OVERLAYABLE
   CODE SIZE        =    630    ----
   CONSTANT SIZE    =   ----    ----
   XDATA SIZE       =      4    ----
   PDATA SIZE       =   ----    ----
   DATA SIZE        =   ----    ----
   IDATA SIZE       =   ----    ----
   BIT SIZE         =   ----    ----
   EDATA SIZE       =   ----    ----
   HDATA SIZE       =   ----    ----
   XDATA CONST SIZE =   ----    ----
C51 COMPILER V9.51   MAIN                                                                  04/12/2019 13:07:36 PAGE 14  

   FAR CONST SIZE   =   ----    ----
END OF MODULE INFORMATION.


C51 COMPILATION COMPLETE.  0 WARNING(S),  0 ERROR(S)
