--------------- Rebuild Started: 06/03/2019 18:07:08 Project: TrafficLightVersion1.2, Configuration: DP8051 Keil 9.51 Debug ---------------
Deleting file ".\DP8051\DP8051_Keil_951\Debug\main.obj"
Deleting file ".\DP8051\DP8051_Keil_951\Debug\SerialCommunication.obj"
Deleting file ".\DP8051\DP8051_Keil_951\Debug\cyfitter_cfg.obj"
Deleting file ".\DP8051\DP8051_Keil_951\Debug\timer_clock.obj"
Deleting file ".\DP8051\DP8051_Keil_951\Debug\LED_UpdateTimer.obj"
Deleting file ".\DP8051\DP8051_Keil_951\Debug\LED_UpdateTimer_PM.obj"
Deleting file ".\DP8051\DP8051_Keil_951\Debug\LED_UpdateISR.obj"
Deleting file ".\DP8051\DP8051_Keil_951\Debug\Red_LED.obj"
Deleting file ".\DP8051\DP8051_Keil_951\Debug\Green_LED.obj"
Deleting file ".\DP8051\DP8051_Keil_951\Debug\Amber_LED.obj"
Deleting file ".\DP8051\DP8051_Keil_951\Debug\Left_Red_LED.obj"
Deleting file ".\DP8051\DP8051_Keil_951\Debug\Left_Green_LED.obj"
Deleting file ".\DP8051\DP8051_Keil_951\Debug\Left_Amber_LED.obj"
Deleting file ".\DP8051\DP8051_Keil_951\Debug\Right_Red_LED.obj"
Deleting file ".\DP8051\DP8051_Keil_951\Debug\Right_Green_LED.obj"
Deleting file ".\DP8051\DP8051_Keil_951\Debug\Right_Amber_LED.obj"
Deleting file ".\DP8051\DP8051_Keil_951\Debug\Front_Red_LED.obj"
Deleting file ".\DP8051\DP8051_Keil_951\Debug\Front_Green_LED.obj"
Deleting file ".\DP8051\DP8051_Keil_951\Debug\Front_Amber_LED.obj"
Deleting file ".\DP8051\DP8051_Keil_951\Debug\LCD.obj"
Deleting file ".\DP8051\DP8051_Keil_951\Debug\LCD_PM.obj"
Deleting file ".\DP8051\DP8051_Keil_951\Debug\LCD_LCDPort.obj"
Deleting file ".\DP8051\DP8051_Keil_951\Debug\cy_em_eeprom.obj"
Deleting file ".\DP8051\DP8051_Keil_951\Debug\CyBootAsmKeil.obj"
Deleting file ".\DP8051\DP8051_Keil_951\Debug\CyDmac.obj"
Deleting file ".\DP8051\DP8051_Keil_951\Debug\CyFlash.obj"
Deleting file ".\DP8051\DP8051_Keil_951\Debug\CyLib.obj"
Deleting file ".\DP8051\DP8051_Keil_951\Debug\cymem.obj"
Deleting file ".\DP8051\DP8051_Keil_951\Debug\cyPm.obj"
Deleting file ".\DP8051\DP8051_Keil_951\Debug\CySpc.obj"
Deleting file ".\DP8051\DP8051_Keil_951\Debug\cyutils.obj"
Deleting file ".\DP8051\DP8051_Keil_951\Debug\KeilStart.obj"
Deleting file ".\DP8051\DP8051_Keil_951\Debug\AfterHours.obj"
Deleting file ".\DP8051\DP8051_Keil_951\Debug\timer_clock_1.obj"
Deleting file ".\DP8051\DP8051_Keil_951\Debug\SW_ISR1.obj"
Deleting file ".\DP8051\DP8051_Keil_951\Debug\timer_clock_2.obj"
Deleting file ".\DP8051\DP8051_Keil_951\Debug\SW_ISR2.obj"
Deleting file ".\DP8051\DP8051_Keil_951\Debug\ADC.obj"
Deleting file ".\DP8051\DP8051_Keil_951\Debug\ADC_PM.obj"
Deleting file ".\DP8051\DP8051_Keil_951\Debug\ADC_INT.obj"
Deleting file ".\DP8051\DP8051_Keil_951\Debug\POT.obj"
Deleting file ".\DP8051\DP8051_Keil_951\Debug\ADC_AMux.obj"
Deleting file ".\DP8051\DP8051_Keil_951\Debug\ADC_Ext_CP_Clk.obj"
Deleting file ".\DP8051\DP8051_Keil_951\Debug\ADC_IRQ.obj"
Deleting file ".\DP8051\DP8051_Keil_951\Debug\ADC_theACLK.obj"
Deleting file ".\DP8051\DP8051_Keil_951\Debug\Setting_mode.obj"
Deleting file ".\DP8051\DP8051_Keil_951\Debug\UART.obj"
Deleting file ".\DP8051\DP8051_Keil_951\Debug\UART_PM.obj"
Deleting file ".\DP8051\DP8051_Keil_951\Debug\UART_INT.obj"
Deleting file ".\DP8051\DP8051_Keil_951\Debug\UART_BOOT.obj"
Deleting file ".\DP8051\DP8051_Keil_951\Debug\UART_IntClock.obj"
Deleting file ".\DP8051\DP8051_Keil_951\Debug\EEPROM.obj"
Deleting file ".\DP8051\DP8051_Keil_951\Debug\TrafficLightVersion1.2.map"
Deleting file ".\TrafficLightVersion1.2.cycdx"
Deleting file ".\TrafficLightVersion1.2.svd"
Deleting file ".\TrafficLightVersion1.2.rpt"
Deleting file ".\TrafficLightVersion1.2_timing.html"
Deleting file ".\DP8051\DP8051_Keil_951\Debug\.deps\SOURCE_C__DP8051_KEIL_GENERIC.P"
Deleting file ".\DP8051\DP8051_Keil_951\Debug\.deps\SOURCE_ASM__DP8051_KEIL_GENERIC.P"
cydsfit.exe -.appdatapath "C:\Users\SomaShekar\AppData\Local\Cypress Semiconductor\PSoC Creator\4.2" -.fdsnotice -.fdswarpdepfile=warp_dependencies.txt -.fdselabdepfile=elab_dependencies.txt -.fdsbldfile=generated_files.txt -.fdsreffile=referenced_files.txt -p "D:\nisarga 2\PSoC Manual Projects\Project 3\Project 3D\TrafficLightVersion1.2.cydsn\TrafficLightVersion1.2.cyprj" -d CY8C3866AXI-040 -s "D:\nisarga 2\PSoC Manual Projects\Project 3\Project 3D\TrafficLightVersion1.2.cydsn\Generated_Source\PSoC3" -- -yv2 -q10 -ygs -o2 -v3 -.fftcfgtype=BE
Elaborating Design...
HDL Generation...
Synthesis...
Tech Mapping...
Analog Placement...
Info: apr.M0002: Analog signal "\ADC:Net_35\" is connected to one terminal only. (App=cydsfit)
Analog Routing...
Analog Code Generation...
Digital Placement...
Digital Routing...
Bitstream Generation...
Bitstream Verification...
Static timing analysis...
API Generation...
Dependency Generation...
Cleanup...
c51.exe main.c NOIV LARGE MODDP2 OMF2 VB(1) NOIP "INCDIR(., Generated_Source\PSoC3)" FF(3) DB DF(DEBUG) WL(2) PR(.\DP8051\DP8051_Keil_951\Debug/main.lst) CD OT(2 ,Size) OJ(.\DP8051\DP8051_Keil_951\Debug\main.obj)
ERROR: main.c:127: 'UART_Stringsize': undefined identifier
The command 'c51.exe' failed with exit code '2'.
--------------- Rebuild Failed: 06/03/2019 18:07:22 ---------------
